app/build/intermediates/manifest_merge_blame_file/debug/manifest-merger-blame-debug-report.txt
1<?xml version="1.0" encoding="utf-8"?>
2<manifest xmlns:android="http://schemas.android.com/apk/res/android"
3    package="cs.mad.flashcards"
4    android:versionCode="1"
5    android:versionName="1.0" >
6
7    <uses-sdk
8        android:minSdkVersion="24"
8-->src\main\AndroidManifest.xml
9        android:targetSdkVersion="32" />
9-->src\main\AndroidManifest.xml
10
11    <uses-permission android:name="android.permission.INTERNET" />
11-->src\main\AndroidManifest.xml:5:5-67
11-->src\main\AndroidManifest.xml:5:22-64
12    <uses-permission android:name="android.permission.ACCESS_FINE_LOCATION" />
12-->src\main\AndroidManifest.xml:6:5-78
12-->src\main\AndroidManifest.xml:6:22-76
13    <uses-permission android:name="android.permission.ACCESS_COARSE_LOCATION" />
13-->src\main\AndroidManifest.xml:7:5-80
13-->src\main\AndroidManifest.xml:7:22-78
14
15    <application
15-->src\main\AndroidManifest.xml:8:5-30:19
16        android:allowBackup="true"
16-->src\main\AndroidManifest.xml:9:9-35
17        android:appComponentFactory="androidx.core.app.CoreComponentFactory"
17-->[androidx.core:core:1.7.0] AndroidManifest.xml:24:18-86
18        android:debuggable="true"
19        android:extractNativeLibs="false"
20        android:icon="@mipmap/ic_launcher"
20-->src\main\AndroidManifest.xml:10:9-43
21        android:label="@string/app_name"
21-->src\main\AndroidManifest.xml:11:9-41
22        android:roundIcon="@mipmap/ic_launcher_round"
22-->src\main\AndroidManifest.xml:12:9-54
23        android:supportsRtl="true"
23-->src\main\AndroidManifest.xml:13:9-35
24        android:testOnly="true"
25        android:theme="@style/Theme.Flashcards" >
25-->src\main\AndroidManifest.xml:14:9-48
26        <activity
26-->src\main\AndroidManifest.xml:15:9-17:40
27            android:name="cs.mad.flashcards.activities.InputWeatherActivity"
27-->src\main\AndroidManifest.xml:16:13-60
28            android:exported="false" />
28-->src\main\AndroidManifest.xml:17:13-37
29        <activity
29-->src\main\AndroidManifest.xml:18:9-20:40
30            android:name="cs.mad.flashcards.activities.LocalWeatherActivity"
30-->src\main\AndroidManifest.xml:19:13-60
31            android:exported="false" />
31-->src\main\AndroidManifest.xml:20:13-37
32        <activity
32-->src\main\AndroidManifest.xml:21:9-29:20
33            android:name="cs.mad.flashcards.activities.MainActivity"
33-->src\main\AndroidManifest.xml:22:13-52
34            android:exported="true" >
34-->src\main\AndroidManifest.xml:23:13-36
35            <intent-filter>
35-->src\main\AndroidManifest.xml:24:13-28:29
36                <action android:name="android.intent.action.MAIN" />
36-->src\main\AndroidManifest.xml:25:17-69
36-->src\main\AndroidManifest.xml:25:25-66
37
38                <category android:name="android.intent.category.LAUNCHER" />
38-->src\main\AndroidManifest.xml:27:17-77
38-->src\main\AndroidManifest.xml:27:27-74
39            </intent-filter>
40        </activity>
41
42        <service
42-->[androidx.room:room-runtime:2.4.1] AndroidManifest.xml:25:9-28:40
43            android:name="androidx.room.MultiInstanceInvalidationService"
43-->[androidx.room:room-runtime:2.4.1] AndroidManifest.xml:26:13-74
44            android:directBootAware="true"
44-->[androidx.room:room-runtime:2.4.1] AndroidManifest.xml:27:13-43
45            android:exported="false" />
45-->[androidx.room:room-runtime:2.4.1] AndroidManifest.xml:28:13-37
46
47        <activity
47-->[com.google.android.gms:play-services-base:18.0.1] AndroidManifest.xml:20:9-22:45
48            android:name="com.google.android.gms.common.api.GoogleApiActivity"
48-->[com.google.android.gms:play-services-base:18.0.1] AndroidManifest.xml:20:19-85
49            android:exported="false"
49-->[com.google.android.gms:play-services-base:18.0.1] AndroidManifest.xml:22:19-43
50            android:theme="@android:style/Theme.Translucent.NoTitleBar" />
50-->[com.google.android.gms:play-services-base:18.0.1] AndroidManifest.xml:21:19-78
51
52        <meta-data
52-->[com.google.android.gms:play-services-basement:18.0.0] AndroidManifest.xml:21:9-23:69
53            android:name="com.google.android.gms.version"
53-->[com.google.android.gms:play-services-basement:18.0.0] AndroidManifest.xml:22:13-58
54            android:value="@integer/google_play_services_version" />
54-->[com.google.android.gms:play-services-basement:18.0.0] AndroidManifest.xml:23:13-66
55
56        <provider
56-->[androidx.emoji2:emoji2:1.0.0] AndroidManifest.xml:26:9-34:20
57            android:name="androidx.startup.InitializationProvider"
57-->[androidx.emoji2:emoji2:1.0.0] AndroidManifest.xml:27:13-67
58            android:authorities="cs.mad.flashcards.androidx-startup"
58-->[androidx.emoji2:emoji2:1.0.0] AndroidManifest.xml:28:13-68
59            android:exported="false" >
59-->[androidx.emoji2:emoji2:1.0.0] AndroidManifest.xml:29:13-37
60            <meta-data
60-->[androidx.emoji2:emoji2:1.0.0] AndroidManifest.xml:31:13-33:52
61                android:name="androidx.emoji2.text.EmojiCompatInitializer"
61-->[androidx.emoji2:emoji2:1.0.0] AndroidManifest.xml:32:17-75
62                android:value="androidx.startup" />
62-->[androidx.emoji2:emoji2:1.0.0] AndroidManifest.xml:33:17-49
63            <meta-data
63-->[androidx.lifecycle:lifecycle-process:2.4.0] AndroidManifest.xml:31:13-33:52
64                android:name="androidx.lifecycle.ProcessLifecycleInitializer"
64-->[androidx.lifecycle:lifecycle-process:2.4.0] AndroidManifest.xml:32:17-78
65                android:value="androidx.startup" />
65-->[androidx.lifecycle:lifecycle-process:2.4.0] AndroidManifest.xml:33:17-49
66        </provider>
67    </application>
68
69</manifest>